# JRE version: Java(TM) SE Runtime Environment (17.0.1+12) (build 17.0.1+12-LTS-39)
# Java VM: Java HotSpot(TM) 64-Bit Server VM (17.0.1+12-LTS-39, mixed mode, sharing, tiered, compressed oops, compressed class ptrs, g1 gc, windows-amd64)
GC Precious Log:
 CPUs: 4 total, 4 available
 Memory: 8077M
 Large Page Support: Disabled
 NUMA Support: Disabled
 Compressed Oops: Enabled (32-bit)
 Heap Region Size: 1M
 Heap Min Capacity: 8M
 Heap Initial Capacity: 8M
 Heap Max Capacity: 2020M
 Pre-touch: Disabled
 Parallel Workers: 4
 Concurrent Workers: 1
 Concurrent Refinement Workers: 4
 Periodic GC: Disabled
Heap:
 garbage-first heap   total 8192K, used 2863K [0x0000000081c00000, 0x0000000100000000)
  region size 1024K, 1 young (1024K), 1 survivors (1024K)
 Metaspace       used 7713K, committed 7872K, reserved 1064960K
  class space    used 895K, committed 960K, reserved 1048576K
GC Heap History (9 events):
Event: 1.402 GC heap before
{Heap before GC invocations=0 (full 0):
 garbage-first heap   total 8192K, used 3072K [0x0000000081c00000, 0x0000000100000000)
  region size 1024K, 3 young (3072K), 0 survivors (0K)
 Metaspace       used 2722K, committed 2944K, reserved 1056768K
  class space    used 353K, committed 448K, reserved 1048576K
}
Event: 1.421 GC heap after
{Heap after GC invocations=1 (full 0):
 garbage-first heap   total 8192K, used 1528K [0x0000000081c00000, 0x0000000100000000)
  region size 1024K, 1 young (1024K), 1 survivors (1024K)
 Metaspace       used 2722K, committed 2944K, reserved 1056768K
  class space    used 353K, committed 448K, reserved 1048576K
}
Event: 2.311 GC heap before
{Heap before GC invocations=1 (full 0):
 garbage-first heap   total 8192K, used 2552K [0x0000000081c00000, 0x0000000100000000)
  region size 1024K, 2 young (2048K), 1 survivors (1024K)
 Metaspace       used 5418K, committed 5632K, reserved 1056768K
  class space    used 642K, committed 768K, reserved 1048576K
}
Event: 2.323 GC heap after
{Heap after GC invocations=2 (full 0):
 garbage-first heap   total 8192K, used 1937K [0x0000000081c00000, 0x0000000100000000)
  region size 1024K, 1 young (1024K), 1 survivors (1024K)
 Metaspace       used 5418K, committed 5632K, reserved 1056768K
  class space    used 642K, committed 768K, reserved 1048576K
}
Event: 2.777 GC heap before
{Heap before GC invocations=2 (full 0):
 garbage-first heap   total 8192K, used 2961K [0x0000000081c00000, 0x0000000100000000)
  region size 1024K, 2 young (2048K), 1 survivors (1024K)
 Metaspace       used 7109K, committed 7296K, reserved 1064960K
  class space    used 833K, committed 896K, reserved 1048576K
}
Event: 2.783 GC heap after
{Heap after GC invocations=3 (full 0):
 garbage-first heap   total 8192K, used 2197K [0x0000000081c00000, 0x0000000100000000)
  region size 1024K, 1 young (1024K), 1 survivors (1024K)
 Metaspace       used 7109K, committed 7296K, reserved 1064960K
  class space    used 833K, committed 896K, reserved 1048576K
}
Event: 3.105 GC heap before
{Heap before GC invocations=3 (full 0):
 garbage-first heap   total 8192K, used 3221K [0x0000000081c00000, 0x0000000100000000)
  region size 1024K, 2 young (2048K), 1 survivors (1024K)
 Metaspace       used 7576K, committed 7744K, reserved 1064960K
  class space    used 881K, committed 960K, reserved 1048576K
}
Event: 3.117 GC heap after
{Heap after GC invocations=4 (full 0):
 garbage-first heap   total 8192K, used 2465K [0x0000000081c00000, 0x0000000100000000)
  region size 1024K, 1 young (1024K), 1 survivors (1024K)
 Metaspace       used 7576K, committed 7744K, reserved 1064960K
  class space    used 881K, committed 960K, reserved 1048576K
}
Event: 3.356 GC heap before
{Heap before GC invocations=4 (full 0):
 garbage-first heap   total 8192K, used 3489K [0x0000000081c00000, 0x0000000100000000)
  region size 1024K, 2 young (2048K), 1 survivors (1024K)
 Metaspace       used 7713K, committed 7872K, reserved 1064960K
  class space    used 895K, committed 960K, reserved 1048576K
}

